
============================== [SUCCESS] Took 17.10 seconds ==============================
--- Miniterm on /dev/ttyUSB1  115200,8,N,1 ---
--- Quit: Ctrl+C | Menu: Ctrl+T | Help: Ctrl+T followed by Ctrl+H ---
 
 __  __       ____
|  \/  |_   _/ ___|  ___ _ __  ___  ___  _ __ ___
| |\/| | | | \___ \ / _ \ `_ \/ __|/ _ \| `__/ __|
| |  | | |_| |___| |  __/ | | \__ \  _  | |  \__ \
|_|  |_|\__, |____/ \___|_| |_|___/\___/|_|  |___/
        |___/                      2.2.0-rc.1

18 MCO:BGN:INIT NODE,CP=RPNNA---,VER=2.2.0-rc.1
28 TSM:INIT
28 TSF:WUR:MS=0
30 RFM69:INIT
32 RFM69:INIT:PIN,CS=10,IQP=2,IQN=0
36 RFM69:PTX:LEVEL=1 dBm
38 TSM:INIT:TSP OK
40 TSM:FPAR
43 RFM69:SWR:SEND,TO=255,RETRY=0
49 TSF:MSG:SEND,255-255-255-255,s=255,c=3,t=7,pt=0,l=0,sg=0,ft=0,st=OK:
399 TSF:MSG:READ,0-0-255,s=255,c=3,t=8,pt=1,l=1,sg=0:0
405 TSF:MSG:FPAR OK,ID=0,D=1
2058 TSM:FPAR:OK
2058 TSM:ID
2060 TSM:ID:REQ
2062 RFM69:SWR:SEND,TO=0,RETRY=0
2162 RFM69:SWR:ACK,FROM=0,SEQ=2,RSSI=-30
2166 RFM69:ATC:ADJ TXL,cR=-30,tR=-80,TXL=0
2170 RFM69:PTX:LEVEL=0 dBm
2172 TSF:MSG:SEND,255-255-0-0,s=12,c=3,t=3,pt=0,l=0,sg=0,ft=0,st=OK:
2338 TSF:MSG:READ,0-0-255,s=12,c=3,t=4,pt=0,l=2,sg=0:18
2344 TSF:SID:OK,ID=18
2347 TSM:ID:OK
2349 TSM:UPL
2351 RFM69:SWR:SEND,TO=0,RETRY=0
2508 RFM69:SWR:ACK,FROM=0,SEQ=3,RSSI=-25
2512 RFM69:ATC:ADJ TXL,cR=-25,tR=-80,TXL=-1
2516 RFM69:PTX:LEVEL=-1 dBm
2521 TSF:MSG:SEND,18-18-0-0,s=255,c=3,t=24,pt=1,l=1,sg=0,ft=0,st=OK:1
2648 RFM69:SAC:SEND ACK,TO=0,RSSI=-30
2656 TSF:MSG:READ,0-0-18,s=255,c=3,t=25,pt=1,l=1,sg=0:1
2662 TSF:MSG:PONG RECV,HP=1
2664 TSM:UPL:OK
2666 TSM:READY:ID=18,PAR=0,DIS=1
2670 RFM69:SWR:SEND,TO=0,RETRY=0
2873 RFM69:SWR:ACK,FROM=0,SEQ=5,RSSI=-31
2877 RFM69:ATC:ADJ TXL,cR=-31,tR=-80,TXL=-2
2881 RFM69:PTX:LEVEL=-2 dBm
2885 TSF:MSG:SEND,18-18-0-0,s=255,c=3,t=15,pt=6,l=2,sg=0,ft=0,st=OK:0100
2977 RFM69:SAC:SEND ACK,TO=0,RSSI=-31
2983 TSF:MSG:READ,0-0-18,s=255,c=3,t=15,pt=6,l=2,sg=0:0100
2990 RFM69:SWR:SEND,TO=0,RETRY=0
3198 !RFM69:SWR:NACK
3201 RFM69:PTX:LEVEL=-1 dBm
3235 RFM69:SWR:SEND,TO=0,RETRY=1
3409 RFM69:SWR:ACK,FROM=0,SEQ=7,RSSI=-30
3414 RFM69:ATC:ADJ TXL,cR=-30,tR=-80,TXL=-2
3418 RFM69:PTX:LEVEL=-2 dBm
3420 TSF:MSG:SEND,18-18-0-0,s=255,c=0,t=17,pt=0,l=10,sg=0,ft=0,st=OK:2.2.0-rc.1
3430 RFM69:SWR:SEND,TO=0,RETRY=0
3575 RFM69:SWR:ACK,FROM=0,SEQ=8,RSSI=-31
3579 TSF:MSG:SEND,18-18-0-0,s=255,c=3,t=6,pt=1,l=1,sg=0,ft=0,st=OK:0
3743 RFM69:SAC:SEND ACK,TO=0,RSSI=-30
3751 TSF:MSG:READ,0-0-18,s=255,c=3,t=6,pt=0,l=1,sg=0:M
3758 RFM69:SWR:SEND,TO=0,RETRY=0
3966 !RFM69:SWR:NACK
3969 RFM69:PTX:LEVEL=-1 dBm
4003 RFM69:SWR:SEND,TO=0,RETRY=1
4212 !RFM69:SWR:NACK
4214 RFM69:PTX:LEVEL=0 dBm
4257 RFM69:SWR:SEND,TO=0,RETRY=2
4462 RFM69:SWR:ACK,FROM=0,SEQ=10,RSSI=-32
4466 RFM69:ATC:ADJ TXL,cR=-32,tR=-80,TXL=-1
4470 RFM69:PTX:LEVEL=-1 dBm
4474 TSF:MSG:SEND,18-18-0-0,s=255,c=3,t=11,pt=0,l=18,sg=0,ft=0,st=OK:Test Button Sensor
4483 RFM69:SWR:SEND,TO=0,RETRY=0
4642 RFM69:SWR:ACK,FROM=0,SEQ=11,RSSI=-30
4646 RFM69:ATC:ADJ TXL,cR=-30,tR=-80,TXL=-2
4653 RFM69:PTX:LEVEL=-2 dBm
4655 TSF:MSG:SEND,18-18-0-0,s=255,c=3,t=12,pt=0,l=3,sg=0,ft=0,st=OK:1.2
4663 RFM69:SWR:SEND,TO=0,RETRY=0
4798 RFM69:SWR:ACK,FROM=0,SEQ=12,RSSI=-31
4804 TSF:MSG:SEND,18-18-0-0,s=4,c=0,t=3,pt=0,l=0,sg=0,ft=0,st=OK:
4810 MCO:REG:REQ
4812 RFM69:SWR:SEND,TO=0,RETRY=0
4952 RFM69:SWR:ACK,FROM=0,SEQ=13,RSSI=-32
4956 TSF:MSG:SEND,18-18-0-0,s=255,c=3,t=26,pt=1,l=1,sg=0,ft=0,st=OK:2
5056 RFM69:SAC:SEND ACK,TO=0,RSSI=-31
5064 TSF:MSG:READ,0-0-18,s=255,c=3,t=27,pt=1,l=1,sg=0:1
5070 MCO:PIM:NODE REG=1
5072 MCO:BGN:STP
Helloo
5074 MCO:BGN:INIT OK,TSP=1
loopSending first 1
5079 RFM69:SWR:SEND,TO=0,RETRY=0
5281 RFM69:SWR:ACK,FROM=0,SEQ=15,RSSI=-30
5285 TSF:MSG:SEND,18-18-0-0,s=4,c=1,t=2,pt=2,l=2,sg=0,ft=0,st=OK:1
Sending first 0
5294 RFM69:SWR:SEND,TO=0,RETRY=0
5437 RFM69:SWR:ACK,FROM=0,SEQ=16,RSSI=-31
5441 TSF:MSG:SEND,18-18-0-0,s=4,c=1,t=2,pt=2,l=2,sg=0,ft=0,st=OK:0
Requesting initial value from controller
5449 RFM69:SWR:SEND,TO=0,RETRY=0
5593 RFM69:SWR:ACK,FROM=0,SEQ=17,RSSI=-31
5597 TSF:MSG:SEND,18-18-0-0,s=4,c=2,t=2,pt=0,l=0,sg=0,ft=0,st=OK:
5828 RFM69:SAC:SEND ACK,TO=0,RSSI=-30
5834 TSF:MSG:READ,0-0-18,s=4,c=1,t=2,pt=0,l=1,sg=0:0
Receiving initial value from controller
5840 RFM69:SWR:SEND,TO=0,RETRY=0
6049 RFM69:SWR:ACK,FROM=0,SEQ=19,RSSI=-31
6053 TSF:MSG:SEND,18-18-0-0,s=4,c=1,t=2,pt=2,l=2,sg=0,ft=0,st=OK:1
6062 MCO:SLP:MS=5,SMS=0,I1=255,M1=255,I2=255,M2=255
6066 TSF:TDI:TSL
6068 RFM69:RSL
6070 MCO:SLP:WUP=-1
6072 TSF:TRI:TSB
6074 RFM69:RSB
6076 RFM69:SWR:SEND,TO=0,RETRY=0
6191 RFM69:SWR:ACK,FROM=0,SEQ=20,RSSI=-32
6195 TSF:MSG:SEND,18-18-0-0,s=4,c=1,t=2,pt=2,l=2,sg=0,ft=0,st=OK:1
6203 MCO:SLP:MS=0,SMS=0,I1=1,M1=1,I2=1,M2=1
6207 TSF:TDI:TSL
6209 RFM69:RSL
