--- Miniterm on /dev/ttyUSB0  9600,8,N,1 ---
--- Quit: Ctrl+C | Menu: Ctrl+T | Help: Ctrl+T followed by Ctrl+H ---
646608 Client 0: 0;255;3;0;2;
656643 Client 0: 0;255;3;0;2;
666675 Client 0: 0;255;3;0;2;
676710 Client 0: 0;255;3;0;2;
686643 Client 0: 0;255;3;0;2;
696675 Client 0: 0;255;3;0;2;
701292 Packet received 7 long
ffffff020307ff
701337 TSF:MSG:READ,255-255-255,s=255,c=3,t=7,pt=0,l=0,sg=0:
701402 TSF:MSG:BC
701420 TSF:MSG:FPAR REQ,ID=255
701453 TSF:PNG:SEND,TO=0
701479 TSF:CKU:OK
701497 TSF:MSG:GWL OK
701600 RFM69:SWR:SEND,TO=255,RETRY=0
701642 TSF:MSG:SEND,0-0-255-255,s=255,c=3,t=8,pt=1,l=1,sg=0,ft=0,st=OK:0
703312 Packet received 7 long
ffff000203030c
703357 RFM69:SAC:SEND ACK,TO=255,RSSI=-30
703405 TSF:MSG:READ,255-255-0,s=12,c=3,t=3,pt=0,l=0,sg=0:
703507 Client 0: 255;12;3;0;4;18
703540 RFM69:SWR:SEND,TO=255,RETRY=0
703582 TSF:MSG:SEND,0-0-255-255,s=12,c=3,t=4,pt=0,l=2,sg=0,ft=0,st=OK:18
703657 Packet received 8 long
1212000a2318ff01
703705 RFM69:SAC:SEND ACK,TO=18,RSSI=-25
703752 TSF:MSG:READ,18-18-0,s=255,c=3,t=24,pt=1,l=1,sg=0:1
703812 TSF:MSG:PINGED,ID=18,HP=1
703852 RFM69:SWR:SEND,TO=18,RETRY=0
703899 RFM69:SWR:ACK,FROM=18,SEQ=27,RSSI=-30
703945 TSF:MSG:SEND,0-0-18-18,s=255,c=3,t=25,pt=1,l=1,sg=0,ft=0,st=OK:1
704020 Packet received 9 long
12120012c30fff0100
704069 RFM69:SAC:SEND ACK,TO=18,RSSI=-31
704116 TSF:MSG:READ,18-18-0,s=255,c=3,t=15,pt=6,l=2,sg=0:0100
704180 RFM69:SWR:SEND,TO=18,RETRY=0
704228 RFM69:SWR:ACK,FROM=18,SEQ=29,RSSI=-31
704274 TSF:MSG:SEND,0-0-18-18,s=255,c=3,t=15,pt=6,l=2,sg=0,ft=0,st=OK:0100
704352 Packet received 17 long
121200520011ff322e322e302d72632e31
704419 RFM69:SAC:SEND ACK,TO=18,RSSI=-31
704466 TSF:MSG:READ,18-18-0,s=255,c=0,t=17,pt=0,l=10,sg=0:2.2.0-rc.1
704539 Packet received 17 long
121200520011ff322e322e302d72632e31
704606 RFM69:SAC:SEND ACK,TO=18,RSSI=-30
704653 TSF:MSG:READ,18-18-0,s=255,c=0,t=17,pt=0,l=10,sg=0:2.2.0-rc.1
704726 Packet received 8 long
1212000a2306ff00
704773 RFM69:SAC:SEND ACK,TO=18,RSSI=-31
704819 TSF:MSG:READ,18-18-0,s=255,c=3,t=6,pt=1,l=1,sg=0:0
704915 Client 0: 18;255;3;0;6;M
704947 RFM69:SWR:SEND,TO=18,RETRY=0
704995 RFM69:SWR:ACK,FROM=18,SEQ=33,RSSI=-30
705041 TSF:MSG:SEND,0-0-18-18,s=255,c=3,t=6,pt=0,l=1,sg=0,ft=0,st=OK:M
705115 Packet received 25 long
12120092030bff5465737420427574746f6e2053656e736f72
705199 RFM69:SAC:SEND ACK,TO=18,RSSI=-31
705246 TSF:MSG:READ,18-18-0,s=255,c=3,t=11,pt=0,l=18,sg=0:Test Button Sensor
705365 Packet received 25 long
12120092030bff5465737420427574746f6e2053656e736f72
705448 RFM69:SAC:SEND ACK,TO=18,RSSI=-32
705494 TSF:MSG:READ,18-18-0,s=255,c=3,t=11,pt=0,l=18,sg=0:Test Button Sensor
705576 Packet received 25 long
12120092030bff5465737420427574746f6e2053656e736f72
705659 RFM69:SAC:SEND ACK,TO=18,RSSI=-32
705706 TSF:MSG:READ,18-18-0,s=255,c=3,t=11,pt=0,l=18,sg=0:Test Button Sensor
705789 Packet received 10 long
1212001a030cff312e32
705841 RFM69:SAC:SEND ACK,TO=18,RSSI=-30
705887 TSF:MSG:READ,18-18-0,s=255,c=3,t=12,pt=0,l=3,sg=0:1.2
705952 Packet received 7 long
12120002000304
705997 RFM69:SAC:SEND ACK,TO=18,RSSI=-31
706043 TSF:MSG:READ,18-18-0,s=4,c=0,t=3,pt=0,l=0,sg=0:
706102 Packet received 8 long
1212000a231aff02
706149 RFM69:SAC:SEND ACK,TO=18,RSSI=-32
706196 TSF:MSG:READ,18-18-0,s=255,c=3,t=26,pt=1,l=1,sg=0:2
706261 RFM69:SWR:SEND,TO=18,RETRY=0
706308 RFM69:SWR:ACK,FROM=18,SEQ=40,RSSI=-31
706354 TSF:MSG:SEND,0-0-18-18,s=255,c=3,t=27,pt=1,l=1,sg=0,ft=0,st=OK:1
706429 Packet received 9 long
121200124102040100
706479 RFM69:SAC:SEND ACK,TO=18,RSSI=-30
706526 TSF:MSG:READ,18-18-0,s=4,c=1,t=2,pt=2,l=2,sg=0:1
706586 Packet received 9 long
121200124102040000
706635 RFM69:SAC:SEND ACK,TO=18,RSSI=-31
706681 TSF:MSG:READ,18-18-0,s=4,c=1,t=2,pt=2,l=2,sg=0:0
706746 Packet received 7 long
12120002020204
706791 RFM69:SAC:SEND ACK,TO=18,RSSI=-31
706837 TSF:MSG:READ,18-18-0,s=4,c=2,t=2,pt=0,l=0,sg=0:
706896 Client 0: 0;255;3;0;2;
707002 Client 0: 18;4;1;0;2;0
707032 RFM69:SWR:SEND,TO=18,RETRY=0
707080 RFM69:SWR:ACK,FROM=18,SEQ=44,RSSI=-30
707126 TSF:MSG:SEND,0-0-18-18,s=4,c=1,t=2,pt=0,l=1,sg=0,ft=0,st=OK:0
707198 Packet received 9 long
121200124102040100
707248 RFM69:SAC:SEND ACK,TO=18,RSSI=-31
707294 TSF:MSG:READ,18-18-0,s=4,c=1,t=2,pt=2,l=2,sg=0:1
707358 Packet received 9 long
121200124102040100
707407 RFM69:SAC:SEND ACK,TO=18,RSSI=-32
707454 TSF:MSG:READ,18-18-0,s=4,c=1,t=2,pt=2,l=2,sg=0:1
716848 Client 0: 0;255;3;0;2;
726883 Client 0: 0;255;3;0;2;
736814 Client 0: 0;255;3;0;2;
746850 Client 0: 0;255;3;0;2;
